"C:\Program Files\JetBrains\CLion 2020.2.4\bin\cmake\win\bin\cmake.exe" -DCMAKE_BUILD_TYPE=Debug -G "CodeBlocks - MinGW Makefiles" C:\Users\Пользователь\Documents\GitHub\cppimagefilterbase
-- The C compiler identification is GNU 8.1.0
-- The CXX compiler identification is GNU 8.1.0
-- Check for working C compiler: C:/Program Files/mingw-w64/x86_64-8.1.0-win32-seh-rt_v6-rev0/mingw64/bin/gcc.exe
-- Check for working C compiler: C:/Program Files/mingw-w64/x86_64-8.1.0-win32-seh-rt_v6-rev0/mingw64/bin/gcc.exe - broken
CMake Error at C:/Program Files/JetBrains/CLion 2020.2.4/bin/cmake/win/share/cmake-3.17/Modules/CMakeTestCCompiler.cmake:60 (message):
  The C compiler

    "C:/Program Files/mingw-w64/x86_64-8.1.0-win32-seh-rt_v6-rev0/mingw64/bin/gcc.exe"

  is not able to compile a simple test program.

  It fails with the following output:

    Change Dir: C:/Users/РџРѕР»СЊР·РѕРІР°С‚РµР»СЊ/Documents/GitHub/cppimagefilterbase/cmake-build-debug/CMakeFiles/CMakeTmp
    
    Run Build Command(s):C:/PROGRA~1/MINGW-~1/X86_64~1.0-W/mingw64/bin/mingw32-make.exe cmTC_cb243/fast && C:/PROGRA~1/MINGW-~1/X86_64~1.0-W/mingw64/bin/mingw32-make.exe  -f CMakeFiles\cmTC_cb243.dir\build.make CMakeFiles/cmTC_cb243.dir/build
    mingw32-make.exe[1]: Entering directory 'C:/Users/в•§СЋС‹в„–С‡СЋС‚СЂР„С…С‹в„–/Documents/GitHub/cppimagefilterbase/cmake-build-debug/CMakeFiles/CMakeTmp'
    Building C object CMakeFiles/cmTC_cb243.dir/testCCompiler.c.obj
    C:\PROGRA~1\MINGW-~1\X86_64~1.0-W\mingw64\bin\gcc.exe    -o CMakeFiles\cmTC_cb243.dir\testCCompiler.c.obj   -c C:\Users\в•ЁРЇв•Ёв•›в•Ёв•—в•¤Рњв•Ёв•–в•Ёв•›в•Ёв–“в•Ёв–‘в•¤Р’в•Ёв•Ўв•Ёв•—в•¤Рњ\Documents\GitHub\cppimagefilterbase\cmake-build-debug\CMakeFiles\CMakeTmp\testCCompiler.c
    gcc.exe: error: C:\Users\в•ЁРЇв•Ёв•›в•Ёв•—в•¤Рњв•Ёв•–в•Ёв•›в•Ёв–“в•Ёв–‘в•¤Р’в•Ёв•Ўв•Ёв•—в•¤Рњ\Documents\GitHub\cppimagefilterbase\cmake-build-debug\CMakeFiles\CMakeTmp\testCCompiler.c: No such file or directory
    gcc.exe: fatal error: no input files
    compilation terminated.
    mingw32-make.exe[1]: *** [CMakeFiles\cmTC_cb243.dir\build.make:85: CMakeFiles/cmTC_cb243.dir/testCCompiler.c.obj] Error 1
    mingw32-make.exe[1]: Leaving directory 'C:/Users/в•§СЋС‹в„–С‡СЋС‚СЂР„С…С‹в„–/Documents/GitHub/cppimagefilterbase/cmake-build-debug/CMakeFiles/CMakeTmp'
    mingw32-make.exe: *** [Makefile:140: cmTC_cb243/fast] Error 2
    
    

  

  CMake will not be able to correctly generate this project.
Call Stack (most recent call first):
  CMakeLists.txt:3 (project)


-- Configuring incomplete, errors occurred!
See also "C:/Users/РџРѕР»СЊР·РѕРІР°С‚РµР»СЊ/Documents/GitHub/cppimagefilterbase/cmake-build-debug/CMakeFiles/CMakeOutput.log".
See also "C:/Users/РџРѕР»СЊР·РѕРІР°С‚РµР»СЊ/Documents/GitHub/cppimagefilterbase/cmake-build-debug/CMakeFiles/CMakeError.log".
